[2018-04-27 16:29:11] __rvm_make
__rvm_make () 
{ 
    \make "$@" || return $?
}
current path: /Users/dg091242/.rvm/src/ruby-2.4.1
PATH=/usr/local/opt/coreutils/bin:/usr/local/opt/pkg-config/bin:/usr/local/opt/libtool/bin:/usr/local/opt/automake/bin:/usr/local/opt/autoconf/bin:/usr/local/bin:/usr/bin:/bin:/usr/sbin:/sbin:/Users/dg091242/.rvm/bin
command(2): __rvm_make install
++ /scripts/functions/support : __rvm_make()  383 > make install
generating x86_64-darwin16-fake.rb
x86_64-darwin16-fake.rb updated
	CC = gcc
	LD = ld
	LDSHARED = gcc -dynamiclib
	CFLAGS = -O3 -fno-fast-math -ggdb3 -Wall -Wextra -Wno-unused-parameter -Wno-parentheses -Wno-long-long -Wno-missing-field-initializers -Wno-tautological-compare -Wno-parentheses-equality -Wno-constant-logical-operand -Wno-self-assign -Wunused-variable -Wimplicit-int -Wpointer-arith -Wwrite-strings -Wdeclaration-after-statement -Wshorten-64-to-32 -Wimplicit-function-declaration -Wdivision-by-zero -Wdeprecated-declarations -Wextra-tokens   -fno-common -pipe 
	XCFLAGS = -D_FORTIFY_SOURCE=2 -fstack-protector -fno-strict-overflow -fvisibility=hidden -DRUBY_EXPORT
	CPPFLAGS = -I/usr/local/opt/libyaml/include -I/usr/local/opt/readline/include -I/usr/local/opt/libksba/include -I/usr/local/opt/openssl@1.1/include -D_XOPEN_SOURCE -D_DARWIN_C_SOURCE -D_DARWIN_UNLIMITED_SELECT -D_REENTRANT   -I. -I.ext/include/x86_64-darwin16 -I./include -I. -I./enc/unicode/9.0.0
	DLDFLAGS = -Wl,-undefined,dynamic_lookup -Wl,-multiply_defined,suppress -L/usr/local/opt/libyaml/lib -L/usr/local/opt/readline/lib -L/usr/local/opt/libksba/lib -L/usr/local/opt/openssl@1.1/lib -install_name /Users/dg091242/.rvm/rubies/ruby-2.4.1/lib/libruby.2.4.1.dylib -compatibility_version 2.4 -current_version 2.4.1  -fstack-protector -Wl,-u,_objc_msgSend -framework CoreFoundation  -fstack-protector -Wl,-u,_objc_msgSend -framework CoreFoundation  
	SOLIBS = -lpthread -ldl -lobjc 
Configured with: --prefix=/Library/Developer/CommandLineTools/usr --with-gxx-include-dir=/usr/include/c++/4.2.1
Apple LLVM version 9.0.0 (clang-900.0.39.2)
Target: x86_64-apple-darwin16.7.0
Thread model: posix
InstalledDir: /Library/Developer/CommandLineTools/usr/bin
generating enc.mk
making srcs under enc
make[1]: Nothing to be done for `srcs'.
generating transdb.h
transdb.h unchanged
generating makefile exts.mk
*** Following extensions failed to configure:
../.././ext/gdbm/extconf.rb:0: Failed to configure gdbm. It will not be installed.
*** Fix the problems, then remove these directories and try again if you want.
make[2]: `ruby' is up to date.
making enc
make[1]: Nothing to be done for `enc'.
making trans
make[1]: Nothing to be done for `./enc/trans'.
making encs
make[1]: Nothing to be done for `encs'.
./miniruby -I./lib -I. -I.ext/common  ./tool/runruby.rb --extout=.ext  -- --disable-gems -r./x86_64-darwin16-fake ./tool/rbinstall.rb --make="/Library/Developer/CommandLineTools/usr/bin/make" --dest-dir="" --extout=".ext" --mflags="" --make-flags="" --data-mode=0644 --prog-mode=0755 --installed-list .installed.list --mantype="doc"
installing binary commands:   /Users/dg091242/.rvm/rubies/ruby-2.4.1/bin
installing base libraries:    /Users/dg091242/.rvm/rubies/ruby-2.4.1/lib
installing arch files:        /Users/dg091242/.rvm/rubies/ruby-2.4.1/lib/ruby/2.4.0/x86_64-darwin16
installing pkgconfig data:    /Users/dg091242/.rvm/rubies/ruby-2.4.1/lib/pkgconfig
installing command scripts:   /Users/dg091242/.rvm/rubies/ruby-2.4.1/bin
installing library scripts:   /Users/dg091242/.rvm/rubies/ruby-2.4.1/lib/ruby/2.4.0
installing common headers:    /Users/dg091242/.rvm/rubies/ruby-2.4.1/include/ruby-2.4.0
installing manpages:          /Users/dg091242/.rvm/rubies/ruby-2.4.1/share/man/man1
installing extension objects: /Users/dg091242/.rvm/rubies/ruby-2.4.1/lib/ruby/2.4.0/x86_64-darwin16
installing extension objects: /Users/dg091242/.rvm/rubies/ruby-2.4.1/lib/ruby/site_ruby/2.4.0/x86_64-darwin16
installing extension objects: /Users/dg091242/.rvm/rubies/ruby-2.4.1/lib/ruby/vendor_ruby/2.4.0/x86_64-darwin16
installing extension headers: /Users/dg091242/.rvm/rubies/ruby-2.4.1/include/ruby-2.4.0/x86_64-darwin16
installing extension scripts: /Users/dg091242/.rvm/rubies/ruby-2.4.1/lib/ruby/2.4.0
installing extension scripts: /Users/dg091242/.rvm/rubies/ruby-2.4.1/lib/ruby/site_ruby/2.4.0
installing extension scripts: /Users/dg091242/.rvm/rubies/ruby-2.4.1/lib/ruby/vendor_ruby/2.4.0
installing extension headers: /Users/dg091242/.rvm/rubies/ruby-2.4.1/include/ruby-2.4.0/ruby
installing default gems:      /Users/dg091242/.rvm/rubies/ruby-2.4.1/lib/ruby/gems/2.4.0 (build_info, cache, doc, extensions, gems, specifications)
                              bigdecimal 1.3.0
                              io-console 0.4.6
                              json 2.0.2
                              openssl 2.0.3
                              psych 2.2.2
                              rdoc 5.0.0
installing bundle gems:       /Users/dg091242/.rvm/rubies/ruby-2.4.1/lib/ruby/gems/2.4.0 (build_info, cache, doc, extensions, gems, specifications)
                              did_you_mean 1.1.0
                              minitest 5.10.1
                              net-telnet 0.1.1
                              power_assert 0.4.1
                              rake 12.0.0
                              test-unit 3.2.3
                              xmlrpc 0.2.1
