0 info it worked if it ends with ok
1 verbose cli [ '/usr/local/Cellar/node/10.0.0/bin/node',
1 verbose cli   '/usr/local/bin/npm',
1 verbose cli   'start' ]
2 info using npm@5.6.0
3 info using node@v10.0.0
4 verbose run-script [ 'prestart', 'start', 'poststart' ]
5 info lifecycle client@1.0.0~prestart: client@1.0.0
6 info lifecycle client@1.0.0~start: client@1.0.0
7 verbose lifecycle client@1.0.0~start: unsafe-perm in lifecycle true
8 verbose lifecycle client@1.0.0~start: PATH: /usr/local/lib/node_modules/npm/node_modules/npm-lifecycle/node-gyp-bin:/Users/dg091242/Code/selfservice/client/node_modules/.bin:/usr/local/lib/node_modules/npm/node_modules/npm-lifecycle/node-gyp-bin:/Users/dg091242/Code/selfservice/node_modules/.bin:/Users/dg091242/.rvm/gems/ruby-2.3.3/bin:/Users/dg091242/.rvm/gems/ruby-2.3.3@global/bin:/Users/dg091242/.rvm/rubies/ruby-2.3.3/bin:/Users/dg091242/.rvm/bin:/usr/local/bin:/usr/bin:/bin:/usr/sbin:/sbin:/Users/dg091242/Code/vha-cli
9 verbose lifecycle client@1.0.0~start: CWD: /Users/dg091242/Code/selfservice/client
10 silly lifecycle client@1.0.0~start: Args: [ '-c', 'node ./config/webpack.server.js' ]
11 silly lifecycle client@1.0.0~start: Returned: code: 1  signal: null
12 info lifecycle client@1.0.0~start: Failed to exec start script
13 verbose stack Error: client@1.0.0 start: `node ./config/webpack.server.js`
13 verbose stack Exit status 1
13 verbose stack     at EventEmitter.<anonymous> (/usr/local/lib/node_modules/npm/node_modules/npm-lifecycle/index.js:285:16)
13 verbose stack     at EventEmitter.emit (events.js:182:13)
13 verbose stack     at ChildProcess.<anonymous> (/usr/local/lib/node_modules/npm/node_modules/npm-lifecycle/lib/spawn.js:55:14)
13 verbose stack     at ChildProcess.emit (events.js:182:13)
13 verbose stack     at maybeClose (internal/child_process.js:947:16)
13 verbose stack     at Process.ChildProcess._handle.onexit (internal/child_process.js:236:5)
14 verbose pkgid client@1.0.0
15 verbose cwd /Users/dg091242/Code/selfservice/client
16 verbose Darwin 16.7.0
17 verbose argv "/usr/local/Cellar/node/10.0.0/bin/node" "/usr/local/bin/npm" "start"
18 verbose node v10.0.0
19 verbose npm  v5.6.0
20 error code ELIFECYCLE
21 error errno 1
22 error client@1.0.0 start: `node ./config/webpack.server.js`
22 error Exit status 1
23 error Failed at the client@1.0.0 start script.
23 error This is probably not a problem with npm. There is likely additional logging output above.
24 verbose exit [ 1, true ]
