[2018-04-27 16:53:34] gemset_delete_task
gemset_delete_task () 
{ 
    \typeset rvm_gemset_name ruby_at_gemset gemdir;
    rvm_gemset_name=$1;
    ruby_at_gemset=$2;
    gemdir=$3;
    case ${_system_type} in 
        BSD)
            __rvm_find "${rvm_bin_path:=$rvm_path/bin}" -name \*${ruby_at_gemset} -exec rm -rf '{}' \;;
            __rvm_find -L "${rvm_bin_path:=$rvm_path/bin}" -name \*${ruby_at_gemset} -exec rm -rf '{}' \;
        ;;
        *)
            __rvm_find "${rvm_bin_path:=$rvm_path/bin}" \( -name \*${ruby_at_gemset} -or -lname \*${ruby_at_gemset}/\* \) -delete
        ;;
    esac;
    for item in $( $rvm_scripts_path/alias search_by_target ${ruby_at_gemset} );
    do
        $rvm_scripts_path/alias delete ${item};
    done;
    __rvm_rm_rf "$gemdir" && __rvm_rm_rf "${rvm_wrappers_path:="$rvm_path/wrappers"}/${ruby_at_gemset}" && __rvm_rm_rf "${rvm_environments_path:="$rvm_path/environments"}/${ruby_at_gemset}"
}
current path: /Users/dg091242
GEM_HOME=/Users/dg091242/.rvm/gems/ruby-2.4.1
PATH=/Users/dg091242/.rvm/gems/ruby-2.4.1/bin:/Users/dg091242/.rvm/gems/ruby-2.4.1@global/bin:/Users/dg091242/.rvm/rubies/ruby-2.4.1/bin:/usr/local/bin:/usr/bin:/bin:/usr/sbin:/sbin:/Users/dg091242/.rvm/bin
GEM_PATH=/Users/dg091242/.rvm/gems/ruby-2.4.1:/Users/dg091242/.rvm/gems/ruby-2.4.1@global
command(4): gemset_delete_task selfls ruby-2.4.1@selfls /Users/dg091242/.rvm/gems/ruby-2.4.1@selfls
+ typeset rvm_gemset_name ruby_at_gemset gemdir
+ rvm_gemset_name=selfls
+ ruby_at_gemset=ruby-2.4.1@selfls
+ gemdir=/Users/dg091242/.rvm/gems/ruby-2.4.1@selfls
+ case ${_system_type} in
+ __rvm_find /Users/dg091242/.rvm/bin '(' -name '*ruby-2.4.1@selfls' -or -lname '*ruby-2.4.1@selfls/*' ')' -delete
+ find /Users/dg091242/.rvm/bin '(' -name '*ruby-2.4.1@selfls' -or -lname '*ruby-2.4.1@selfls/*' ')' -delete
++ /Users/dg091242/.rvm/scripts/alias search_by_target ruby-2.4.1@selfls
+ __rvm_rm_rf /Users/dg091242/.rvm/gems/ruby-2.4.1@selfls
+ __rvm_rm_rf_verbose /Users/dg091242/.rvm/gems/ruby-2.4.1@selfls
+ typeset target
+ target=/Users/dg091242/.rvm/gems/ruby-2.4.1@selfls
+ [[ -n '' ]]
+ [[ -n 3.2.57(1)-release ]]
+ builtin shopt -s extglob
+ case "${target}" in
+ [[ -z /Users/dg091242/.rvm/gems/ruby-2.4.1@selfls ]]
+ [[ -d /Users/dg091242/.rvm/gems/ruby-2.4.1@selfls ]]
+ command rm -rf /Users/dg091242/.rvm/gems/ruby-2.4.1@selfls
+ rm -rf /Users/dg091242/.rvm/gems/ruby-2.4.1@selfls
+ true
+ __rvm_rm_rf /Users/dg091242/.rvm/wrappers/ruby-2.4.1@selfls
+ __rvm_rm_rf_verbose /Users/dg091242/.rvm/wrappers/ruby-2.4.1@selfls
+ typeset target
+ target=/Users/dg091242/.rvm/wrappers/ruby-2.4.1@selfls
+ [[ -n '' ]]
+ [[ -n 3.2.57(1)-release ]]
+ builtin shopt -s extglob
+ case "${target}" in
+ [[ -z /Users/dg091242/.rvm/wrappers/ruby-2.4.1@selfls ]]
+ [[ -d /Users/dg091242/.rvm/wrappers/ruby-2.4.1@selfls ]]
+ [[ -f /Users/dg091242/.rvm/wrappers/ruby-2.4.1@selfls ]]
+ [[ -L /Users/dg091242/.rvm/wrappers/ruby-2.4.1@selfls ]]
+ command rm -f /Users/dg091242/.rvm/wrappers/ruby-2.4.1@selfls
+ rm -f /Users/dg091242/.rvm/wrappers/ruby-2.4.1@selfls
+ true
+ __rvm_rm_rf /Users/dg091242/.rvm/environments/ruby-2.4.1@selfls
+ __rvm_rm_rf_verbose /Users/dg091242/.rvm/environments/ruby-2.4.1@selfls
+ typeset target
+ target=/Users/dg091242/.rvm/environments/ruby-2.4.1@selfls
+ [[ -n '' ]]
+ [[ -n 3.2.57(1)-release ]]
+ builtin shopt -s extglob
+ case "${target}" in
+ [[ -z /Users/dg091242/.rvm/environments/ruby-2.4.1@selfls ]]
+ [[ -d /Users/dg091242/.rvm/environments/ruby-2.4.1@selfls ]]
+ [[ -f /Users/dg091242/.rvm/environments/ruby-2.4.1@selfls ]]
+ [[ -L /Users/dg091242/.rvm/environments/ruby-2.4.1@selfls ]]
+ command rm -f /Users/dg091242/.rvm/environments/ruby-2.4.1@selfls
+ rm -f /Users/dg091242/.rvm/environments/ruby-2.4.1@selfls
+ true
