[2018-04-30 09:55:19] __rvm_set_executable
__rvm_set_executable () 
{ 
    for __file in "$@";
    do
        [[ -x "${__file}" ]] || chmod +x "${__file}";
    done
}
current path: /Users/dg091242/.rvm/src/ruby-2.3.3
GEM_HOME=/Users/dg091242/.rvm/gems/ruby-2.4.1
PATH=/usr/local/opt/coreutils/bin:/usr/local/opt/pkg-config/bin:/usr/local/opt/libtool/bin:/usr/local/opt/automake/bin:/usr/local/opt/autoconf/bin:/Users/dg091242/.rvm/gems/ruby-2.4.1/bin:/Users/dg091242/.rvm/gems/ruby-2.4.1@global/bin:/Users/dg091242/.rvm/rubies/ruby-2.4.1/bin:/usr/local/bin:/usr/bin:/bin:/usr/sbin:/sbin:/Users/dg091242/.rvm/bin
GEM_PATH=/Users/dg091242/.rvm/gems/ruby-2.4.1:/Users/dg091242/.rvm/gems/ruby-2.4.1@global
command(8): __rvm_set_executable /Users/dg091242/.rvm/rubies/ruby-2.3.3/bin/erb /Users/dg091242/.rvm/rubies/ruby-2.3.3/bin/gem /Users/dg091242/.rvm/rubies/ruby-2.3.3/bin/irb /Users/dg091242/.rvm/rubies/ruby-2.3.3/bin/rake /Users/dg091242/.rvm/rubies/ruby-2.3.3/bin/rdoc /Users/dg091242/.rvm/rubies/ruby-2.3.3/bin/ri /Users/dg091242/.rvm/rubies/ruby-2.3.3/bin/ruby
++ for __file in '"$@"'
++ [[ -x /Users/dg091242/.rvm/rubies/ruby-2.3.3/bin/erb ]]
++ for __file in '"$@"'
++ [[ -x /Users/dg091242/.rvm/rubies/ruby-2.3.3/bin/gem ]]
++ for __file in '"$@"'
++ [[ -x /Users/dg091242/.rvm/rubies/ruby-2.3.3/bin/irb ]]
++ for __file in '"$@"'
++ [[ -x /Users/dg091242/.rvm/rubies/ruby-2.3.3/bin/rake ]]
++ for __file in '"$@"'
++ [[ -x /Users/dg091242/.rvm/rubies/ruby-2.3.3/bin/rdoc ]]
++ for __file in '"$@"'
++ [[ -x /Users/dg091242/.rvm/rubies/ruby-2.3.3/bin/ri ]]
++ for __file in '"$@"'
++ [[ -x /Users/dg091242/.rvm/rubies/ruby-2.3.3/bin/ruby ]]
