[2018-04-30 09:55:09] __rvm_make
__rvm_make () 
{ 
    \make "$@" || return $?
}
current path: /Users/dg091242/.rvm/src/ruby-2.3.3
GEM_HOME=/Users/dg091242/.rvm/gems/ruby-2.4.1
PATH=/usr/local/opt/coreutils/bin:/usr/local/opt/pkg-config/bin:/usr/local/opt/libtool/bin:/usr/local/opt/automake/bin:/usr/local/opt/autoconf/bin:/Users/dg091242/.rvm/gems/ruby-2.4.1/bin:/Users/dg091242/.rvm/gems/ruby-2.4.1@global/bin:/Users/dg091242/.rvm/rubies/ruby-2.4.1/bin:/usr/local/bin:/usr/bin:/bin:/usr/sbin:/sbin:/Users/dg091242/.rvm/bin
GEM_PATH=/Users/dg091242/.rvm/gems/ruby-2.4.1:/Users/dg091242/.rvm/gems/ruby-2.4.1@global
command(2): __rvm_make install
++ make install
generating x86_64-darwin16-fake.rb
x86_64-darwin16-fake.rb updated
	CC = gcc
	LD = ld
	LDSHARED = gcc -dynamiclib
	CFLAGS = -O3 -fno-fast-math -ggdb3 -Wall -Wextra -Wno-unused-parameter -Wno-parentheses -Wno-long-long -Wno-missing-field-initializers -Wunused-variable -Wpointer-arith -Wwrite-strings -Wdeclaration-after-statement -Wshorten-64-to-32 -Wimplicit-function-declaration -Wdivision-by-zero -Wdeprecated-declarations -Wextra-tokens   -fno-common -pipe 
	XCFLAGS = -D_FORTIFY_SOURCE=2 -fstack-protector -fno-strict-overflow -fvisibility=hidden -DRUBY_EXPORT
	CPPFLAGS = -I/usr/local/opt/libyaml/include -I/usr/local/opt/readline/include -I/usr/local/opt/libksba/include -I/usr/local/opt/openssl/include -D_XOPEN_SOURCE -D_DARWIN_C_SOURCE -D_DARWIN_UNLIMITED_SELECT -D_REENTRANT   -I. -I.ext/include/x86_64-darwin16 -I./include -I.
	DLDFLAGS = -Wl,-undefined,dynamic_lookup -Wl,-multiply_defined,suppress -L/usr/local/opt/libyaml/lib -L/usr/local/opt/readline/lib -L/usr/local/opt/libksba/lib -L/usr/local/opt/openssl/lib -install_name /Users/dg091242/.rvm/rubies/ruby-2.3.3/lib/libruby.2.3.0.dylib -current_version 2.3.0 -compatibility_version 2.3.3  -fstack-protector -Wl,-u,_objc_msgSend -framework CoreFoundation  -fstack-protector -Wl,-u,_objc_msgSend -framework CoreFoundation  
	SOLIBS = -lpthread -ldl -lobjc 
Configured with: --prefix=/Library/Developer/CommandLineTools/usr --with-gxx-include-dir=/usr/include/c++/4.2.1
Apple LLVM version 9.0.0 (clang-900.0.39.2)
Target: x86_64-apple-darwin16.7.0
Thread model: posix
InstalledDir: /Library/Developer/CommandLineTools/usr/bin
generating enc.mk
making srcs under enc
make[1]: Nothing to be done for `srcs'.
generating transdb.h
transdb.h unchanged
generating makefile exts.mk
Failed to configure gdbm. It will not be installed.
configuring socket
make[2]: Nothing to be done for `all'.
installing default bigdecimal libraries
installing default date_core libraries
installing digest libraries
installing default digest libraries
installing default sha2 libraries
installing default fiddle libraries
make[2]: Nothing to be done for `all'.
installing default console libraries
installing default libraries
installing default nkf libraries
installing default openssl libraries
installing default pathname libraries
installing default psych libraries
installing default pty libraries
installing default ripper libraries
checking ../.././parse.y and ../.././ext/ripper/eventids2.c
linking shared-object socket.bundle
installing default socket libraries
installing default syslog libraries
installing tcltklib libraries
installing default tcltklib libraries
make[2]: `ruby' is up to date.
making enc
make[1]: Nothing to be done for `enc'.
making trans
make[1]: Nothing to be done for `./enc/trans'.
making encs
./miniruby -I./lib -I. -I.ext/common  ./tool/runruby.rb --extout=.ext  -- --disable-gems -r./x86_64-darwin16-fake ./tool/rbinstall.rb --make="/Library/Developer/CommandLineTools/usr/bin/make" --dest-dir="" --extout=".ext" --mflags="" --make-flags="" --data-mode=0644 --prog-mode=0755 --installed-list .installed.list --mantype="doc"
installing binary commands:   /Users/dg091242/.rvm/rubies/ruby-2.3.3/bin
installing base libraries:    /Users/dg091242/.rvm/rubies/ruby-2.3.3/lib
installing arch files:        /Users/dg091242/.rvm/rubies/ruby-2.3.3/lib/ruby/2.3.0/x86_64-darwin16
installing pkgconfig data:    /Users/dg091242/.rvm/rubies/ruby-2.3.3/lib/pkgconfig
installing command scripts:   /Users/dg091242/.rvm/rubies/ruby-2.3.3/bin
installing library scripts:   /Users/dg091242/.rvm/rubies/ruby-2.3.3/lib/ruby/2.3.0
installing common headers:    /Users/dg091242/.rvm/rubies/ruby-2.3.3/include/ruby-2.3.0
installing manpages:          /Users/dg091242/.rvm/rubies/ruby-2.3.3/share/man/man1
installing extension objects: /Users/dg091242/.rvm/rubies/ruby-2.3.3/lib/ruby/2.3.0/x86_64-darwin16
installing extension objects: /Users/dg091242/.rvm/rubies/ruby-2.3.3/lib/ruby/site_ruby/2.3.0/x86_64-darwin16
installing extension objects: /Users/dg091242/.rvm/rubies/ruby-2.3.3/lib/ruby/vendor_ruby/2.3.0/x86_64-darwin16
installing extension headers: /Users/dg091242/.rvm/rubies/ruby-2.3.3/include/ruby-2.3.0/x86_64-darwin16
installing extension scripts: /Users/dg091242/.rvm/rubies/ruby-2.3.3/lib/ruby/2.3.0
installing extension scripts: /Users/dg091242/.rvm/rubies/ruby-2.3.3/lib/ruby/site_ruby/2.3.0
installing extension scripts: /Users/dg091242/.rvm/rubies/ruby-2.3.3/lib/ruby/vendor_ruby/2.3.0
installing extension headers: /Users/dg091242/.rvm/rubies/ruby-2.3.3/include/ruby-2.3.0/ruby
installing default gems:      /Users/dg091242/.rvm/rubies/ruby-2.3.3/lib/ruby/gems/2.3.0 (build_info, cache, doc, extensions, gems, specifications)
                              bigdecimal 1.2.8
                              io-console 0.4.5
                              json 1.8.3
                              psych 2.1.0
                              rdoc 4.2.1
installing bundle gems:       /Users/dg091242/.rvm/rubies/ruby-2.3.3/lib/ruby/gems/2.3.0 (build_info, cache, doc, extensions, gems, specifications)
                              did_you_mean 1.0.0
                              minitest 5.8.5
                              net-telnet 0.1.1
                              power_assert 0.2.6
                              rake 10.4.2
                              test-unit 3.1.5
