[2018-04-30 09:55:22] __rvm_package_extract
__rvm_package_extract () 
{ 
    rvm_debug __rvm_package_extract:$#: "$@";
    \typeset __tempdir __path __file __return;
    __return=0;
    __tempdir="$( TMPDIR="${rvm_tmp_path}" mktemp -d -t rvm-tmp.XXXXXXXXX )";
    __rvm_package_extract_run "$1" "$__tempdir" || __return=$?;
    if (( __return == 0 )); then
        for __path in "$__tempdir"/*;
        do
            __file="${__path##*/}";
            if [[ -n "${__file}" && -e "$2/${__file}" ]]; then
                \command \rm -rf "$2/${__file}" || __return=$?;
            fi;
            \command \mv -f "${__path}" "$2/" || __return=$?;
        done;
    fi;
    if [[ -n "$__tempdir" ]]; then
        \command \rm -rf "$__tempdir";
    fi;
    return $__return
}
current path: /Users/dg091242/.rvm/src/ruby-2.3.3
GEM_HOME=/Users/dg091242/.rvm/gems/ruby-2.4.1
PATH=/usr/local/opt/coreutils/bin:/usr/local/opt/pkg-config/bin:/usr/local/opt/libtool/bin:/usr/local/opt/automake/bin:/usr/local/opt/autoconf/bin:/Users/dg091242/.rvm/gems/ruby-2.4.1/bin:/Users/dg091242/.rvm/gems/ruby-2.4.1@global/bin:/Users/dg091242/.rvm/rubies/ruby-2.4.1/bin:/usr/local/bin:/usr/bin:/bin:/usr/sbin:/sbin:/Users/dg091242/.rvm/bin
GEM_PATH=/Users/dg091242/.rvm/gems/ruby-2.4.1:/Users/dg091242/.rvm/gems/ruby-2.4.1@global
command(3): __rvm_package_extract /Users/dg091242/.rvm/archives/rubygems-2.6.14.tgz /Users/dg091242/.rvm/src
++ rvm_debug __rvm_package_extract:2: /Users/dg091242/.rvm/archives/rubygems-2.6.14.tgz /Users/dg091242/.rvm/src
++ ((  0  ))
++ return 0
++ typeset __tempdir __path __file __return
++ __return=0
+++ TMPDIR=/Users/dg091242/.rvm/tmp
+++ mktemp -d -t rvm-tmp.XXXXXXXXX
++ __tempdir=/var/folders/f9/2_gts5fj373_ztl859kkwxc1s499zb/T/rvm-tmp.XXXXXXXXX.rzQpbGg7
++ __rvm_package_extract_run /Users/dg091242/.rvm/archives/rubygems-2.6.14.tgz /var/folders/f9/2_gts5fj373_ztl859kkwxc1s499zb/T/rvm-tmp.XXXXXXXXX.rzQpbGg7
++ [[    != *\ \-\-\n\o\-\s\a\m\e\-\o\w\n\e\r\ * ]]
++ __rvm_tar --help
++ __rvm_grep -- --no-same-owner
++ GREP_OPTIONS=
++ command grep -- --no-same-owner
++ grep -- --no-same-owner
++ return 1
++ [[ -d /var/folders/f9/2_gts5fj373_ztl859kkwxc1s499zb/T/rvm-tmp.XXXXXXXXX.rzQpbGg7 ]]
++ case "$1" in
++ [[ -n '' ]]
++ __rvm_tar xzf /Users/dg091242/.rvm/archives/rubygems-2.6.14.tgz -C /var/folders/f9/2_gts5fj373_ztl859kkwxc1s499zb/T/rvm-tmp.XXXXXXXXX.rzQpbGg7
++ tar xzf /Users/dg091242/.rvm/archives/rubygems-2.6.14.tgz -C /var/folders/f9/2_gts5fj373_ztl859kkwxc1s499zb/T/rvm-tmp.XXXXXXXXX.rzQpbGg7
++ __rvm_fix_group_permissions /var/folders/f9/2_gts5fj373_ztl859kkwxc1s499zb/T/rvm-tmp.XXXXXXXXX.rzQpbGg7/rubygems-2.6.14
++ umask -S
++ __rvm_grep g=rw
++ GREP_OPTIONS=
++ command grep g=rw
++ grep g=rw
++ return 1
++ ((  __return == 0  ))
++ for __path in '"$__tempdir"/*'
++ __file=rubygems-2.6.14
++ [[ -n rubygems-2.6.14 ]]
++ [[ -e /Users/dg091242/.rvm/src/rubygems-2.6.14 ]]
++ command rm -rf /Users/dg091242/.rvm/src/rubygems-2.6.14
++ rm -rf /Users/dg091242/.rvm/src/rubygems-2.6.14
++ command mv -f /var/folders/f9/2_gts5fj373_ztl859kkwxc1s499zb/T/rvm-tmp.XXXXXXXXX.rzQpbGg7/rubygems-2.6.14 /Users/dg091242/.rvm/src/
++ mv -f /var/folders/f9/2_gts5fj373_ztl859kkwxc1s499zb/T/rvm-tmp.XXXXXXXXX.rzQpbGg7/rubygems-2.6.14 /Users/dg091242/.rvm/src/
++ [[ -n /var/folders/f9/2_gts5fj373_ztl859kkwxc1s499zb/T/rvm-tmp.XXXXXXXXX.rzQpbGg7 ]]
++ command rm -rf /var/folders/f9/2_gts5fj373_ztl859kkwxc1s499zb/T/rvm-tmp.XXXXXXXXX.rzQpbGg7
++ rm -rf /var/folders/f9/2_gts5fj373_ztl859kkwxc1s499zb/T/rvm-tmp.XXXXXXXXX.rzQpbGg7
++ return 0
